0 verbose cli /usr/local/bin/node /usr/local/bin/npm
1 info using npm@10.9.2
2 info using node@v22.15.0
3 silly config load:file:/usr/local/lib/node_modules/npm/npmrc
4 silly config load:file:/Users/rupamkumarsarangi/Desktop/ Vispera/.npmrc
5 silly config load:file:/Users/rupamkumarsarangi/.npmrc
6 verbose config error loading user config Error: EPERM: operation not permitted, open '/Users/rupamkumarsarangi/.npmrc'
6 verbose config     at async open (node:internal/fs/promises:633:25)
6 verbose config     at async readFile (node:internal/fs/promises:1237:14)
6 verbose config     at async #loadFile (/usr/local/lib/node_modules/npm/node_modules/@npmcli/config/lib/index.js:589:5)
6 verbose config     at async Config.load (/usr/local/lib/node_modules/npm/node_modules/@npmcli/config/lib/index.js:250:5)
6 verbose config     at async #load (/usr/local/lib/node_modules/npm/lib/npm.js:98:5)
6 verbose config     at async Npm.load (/usr/local/lib/node_modules/npm/lib/npm.js:80:14)
6 verbose config     at async module.exports (/usr/local/lib/node_modules/npm/lib/cli/entry.js:42:37) {
6 verbose config   errno: -1,
6 verbose config   code: 'EPERM',
6 verbose config   syscall: 'open',
6 verbose config   path: '/Users/rupamkumarsarangi/.npmrc'
6 verbose config }
7 silly config load:file:/usr/local/etc/npmrc
8 verbose title npm install lucide-react framer-motion clsx tailwind-merge
9 verbose argv "install" "lucide-react" "framer-motion" "clsx" "tailwind-merge"
10 verbose logfile logs-max:10 dir:/Users/rupamkumarsarangi/Desktop/ Vispera/.npm-cache/_logs/2026-04-17T11_43_27_809Z-
11 verbose logfile /Users/rupamkumarsarangi/Desktop/ Vispera/.npm-cache/_logs/2026-04-17T11_43_27_809Z-debug-0.log
12 silly logfile done cleaning log files
13 silly packumentCache heap:2197815296 maxSize:549453824 maxEntrySize:274726912
14 silly idealTree buildDeps
15 silly fetch manifest lucide-react@*
16 silly packumentCache full:https://registry.npmjs.org/lucide-react cache-miss
17 http fetch GET 200 https://registry.npmjs.org/lucide-react 636ms (cache miss)
18 silly packumentCache full:https://registry.npmjs.org/lucide-react set size:undefined disposed:false
19 silly fetch manifest react@^19.2.4
20 silly packumentCache full:https://registry.npmjs.org/react cache-miss
21 http cache https://registry.npmjs.org/react 16ms (cache hit)
22 silly packumentCache full:https://registry.npmjs.org/react set size:6609926 disposed:false
23 silly fetch manifest framer-motion@*
24 silly packumentCache full:https://registry.npmjs.org/framer-motion cache-miss
25 http fetch GET 200 https://registry.npmjs.org/framer-motion 523ms (cache miss)
26 silly packumentCache full:https://registry.npmjs.org/framer-motion set size:undefined disposed:false
27 silly fetch manifest @emotion/is-prop-valid@*
28 silly packumentCache full:https://registry.npmjs.org/@emotion%2fis-prop-valid cache-miss
29 http fetch GET 200 https://registry.npmjs.org/@emotion%2fis-prop-valid 1375ms (cache miss)
30 silly packumentCache full:https://registry.npmjs.org/@emotion%2fis-prop-valid set size:undefined disposed:false
31 silly fetch manifest react-dom@^19.2.4
32 silly packumentCache full:https://registry.npmjs.org/react-dom cache-miss
33 http cache https://registry.npmjs.org/react-dom 22ms (cache hit)
34 silly packumentCache full:https://registry.npmjs.org/react-dom set size:8798957 disposed:false
35 silly fetch manifest clsx@*
36 silly packumentCache full:https://registry.npmjs.org/clsx cache-miss
37 http fetch GET 200 https://registry.npmjs.org/clsx 367ms (cache miss)
38 silly packumentCache full:https://registry.npmjs.org/clsx set size:undefined disposed:false
39 silly fetch manifest tailwind-merge@*
40 silly packumentCache full:https://registry.npmjs.org/tailwind-merge cache-miss
41 http fetch GET 200 https://registry.npmjs.org/tailwind-merge 721ms (cache miss)
42 silly packumentCache full:https://registry.npmjs.org/tailwind-merge set size:undefined disposed:false
43 silly placeDep ROOT clsx@2.1.1 OK for: temp-proj@0.0.0 want: *
44 silly placeDep ROOT framer-motion@12.38.0 OK for: temp-proj@0.0.0 want: *
45 silly placeDep ROOT lucide-react@1.8.0 OK for: temp-proj@0.0.0 want: *
46 silly placeDep ROOT tailwind-merge@3.5.0 OK for: temp-proj@0.0.0 want: *
47 silly fetch manifest motion-dom@^12.38.0
48 silly packumentCache full:https://registry.npmjs.org/motion-dom cache-miss
49 silly fetch manifest motion-utils@^12.36.0
50 silly packumentCache full:https://registry.npmjs.org/motion-utils cache-miss
51 http fetch GET 200 https://registry.npmjs.org/motion-dom 352ms (cache miss)
52 silly packumentCache full:https://registry.npmjs.org/motion-dom set size:undefined disposed:false
53 http fetch GET 200 https://registry.npmjs.org/motion-utils 463ms (cache miss)
54 silly packumentCache full:https://registry.npmjs.org/motion-utils set size:undefined disposed:false
55 silly placeDep ROOT motion-dom@12.38.0 OK for: framer-motion@12.38.0 want: ^12.38.0
56 silly placeDep ROOT motion-utils@12.36.0 OK for: framer-motion@12.38.0 want: ^12.36.0
57 silly reify moves {}
58 silly audit bulk request {
58 silly audit   '@babel/code-frame': [ '7.29.0' ],
58 silly audit   '@babel/compat-data': [ '7.29.0' ],
58 silly audit   '@babel/core': [ '7.29.0' ],
58 silly audit   '@babel/generator': [ '7.29.1' ],
58 silly audit   '@babel/helper-compilation-targets': [ '7.28.6' ],
58 silly audit   '@babel/helper-globals': [ '7.28.0' ],
58 silly audit   '@babel/helper-module-imports': [ '7.28.6' ],
58 silly audit   '@babel/helper-module-transforms': [ '7.28.6' ],
58 silly audit   '@babel/helper-string-parser': [ '7.27.1' ],
58 silly audit   '@babel/helper-validator-identifier': [ '7.28.5' ],
58 silly audit   '@babel/helper-validator-option': [ '7.27.1' ],
58 silly audit   '@babel/helpers': [ '7.29.2' ],
58 silly audit   '@babel/parser': [ '7.29.2' ],
58 silly audit   '@babel/template': [ '7.28.6' ],
58 silly audit   '@babel/traverse': [ '7.29.0' ],
58 silly audit   '@babel/types': [ '7.29.0' ],
58 silly audit   '@emnapi/core': [ '1.9.2' ],
58 silly audit   '@emnapi/runtime': [ '1.9.2' ],
58 silly audit   '@emnapi/wasi-threads': [ '1.2.1' ],
58 silly audit   '@eslint-community/eslint-utils': [ '4.9.1' ],
58 silly audit   'eslint-visitor-keys': [ '3.4.3', '4.2.1' ],
58 silly audit   '@eslint-community/regexpp': [ '4.12.2' ],
58 silly audit   '@eslint/config-array': [ '0.21.2' ],
58 silly audit   '@eslint/config-helpers': [ '0.4.2' ],
58 silly audit   '@eslint/core': [ '0.17.0' ],
58 silly audit   '@eslint/eslintrc': [ '3.3.5' ],
58 silly audit   globals: [ '14.0.0', '17.5.0' ],
58 silly audit   '@eslint/js': [ '9.39.4' ],
58 silly audit   '@eslint/object-schema': [ '2.1.7' ],
58 silly audit   '@eslint/plugin-kit': [ '0.4.1' ],
58 silly audit   '@humanfs/core': [ '0.19.1' ],
58 silly audit   '@humanfs/node': [ '0.16.7' ],
58 silly audit   '@humanwhocodes/module-importer': [ '1.0.1' ],
58 silly audit   '@humanwhocodes/retry': [ '0.4.3' ],
58 silly audit   '@jridgewell/gen-mapping': [ '0.3.13' ],
58 silly audit   '@jridgewell/remapping': [ '2.3.5' ],
58 silly audit   '@jridgewell/resolve-uri': [ '3.1.2' ],
58 silly audit   '@jridgewell/sourcemap-codec': [ '1.5.5' ],
58 silly audit   '@jridgewell/trace-mapping': [ '0.3.31' ],
58 silly audit   '@napi-rs/wasm-runtime': [ '1.1.4' ],
58 silly audit   '@oxc-project/types': [ '0.124.0' ],
58 silly audit   '@rolldown/binding-android-arm64': [ '1.0.0-rc.15' ],
58 silly audit   '@rolldown/binding-darwin-arm64': [ '1.0.0-rc.15' ],
58 silly audit   '@rolldown/binding-darwin-x64': [ '1.0.0-rc.15' ],
58 silly audit   '@rolldown/binding-freebsd-x64': [ '1.0.0-rc.15' ],
58 silly audit   '@rolldown/binding-linux-arm-gnueabihf': [ '1.0.0-rc.15' ],
58 silly audit   '@rolldown/binding-linux-arm64-gnu': [ '1.0.0-rc.15' ],
58 silly audit   '@rolldown/binding-linux-arm64-musl': [ '1.0.0-rc.15' ],
58 silly audit   '@rolldown/binding-linux-ppc64-gnu': [ '1.0.0-rc.15' ],
58 silly audit   '@rolldown/binding-linux-s390x-gnu': [ '1.0.0-rc.15' ],
58 silly audit   '@rolldown/binding-linux-x64-gnu': [ '1.0.0-rc.15' ],
58 silly audit   '@rolldown/binding-linux-x64-musl': [ '1.0.0-rc.15' ],
58 silly audit   '@rolldown/binding-openharmony-arm64': [ '1.0.0-rc.15' ],
58 silly audit   '@rolldown/binding-wasm32-wasi': [ '1.0.0-rc.15' ],
58 silly audit   '@rolldown/binding-win32-arm64-msvc': [ '1.0.0-rc.15' ],
58 silly audit   '@rolldown/binding-win32-x64-msvc': [ '1.0.0-rc.15' ],
58 silly audit   '@rolldown/pluginutils': [ '1.0.0-rc.7', '1.0.0-rc.15' ],
58 silly audit   '@tybys/wasm-util': [ '0.10.1' ],
58 silly audit   '@types/estree': [ '1.0.8' ],
58 silly audit   '@types/json-schema': [ '7.0.15' ],
58 silly audit   '@types/react': [ '19.2.14' ],
58 silly audit   '@types/react-dom': [ '19.2.3' ],
58 silly audit   '@vitejs/plugin-react': [ '6.0.1' ],
58 silly audit   acorn: [ '8.16.0' ],
58 silly audit   'acorn-jsx': [ '5.3.2' ],
58 silly audit   ajv: [ '6.14.0' ],
58 silly audit   'ansi-styles': [ '4.3.0' ],
58 silly audit   argparse: [ '2.0.1' ],
58 silly audit   autoprefixer: [ '10.5.0' ],
58 silly audit   'balanced-match': [ '1.0.2' ],
58 silly audit   'baseline-browser-mapping': [ '2.10.19' ],
58 silly audit   'brace-expansion': [ '1.1.14' ],
58 silly audit   browserslist: [ '4.28.2' ],
58 silly audit   callsites: [ '3.1.0' ],
58 silly audit   'caniuse-lite': [ '1.0.30001788' ],
58 silly audit   chalk: [ '4.1.2' ],
58 silly audit   'color-convert': [ '2.0.1' ],
58 silly audit   'color-name': [ '1.1.4' ],
58 silly audit   'concat-map': [ '0.0.1' ],
58 silly audit   'convert-source-map': [ '2.0.0' ],
58 silly audit   'cross-spawn': [ '7.0.6' ],
58 silly audit   csstype: [ '3.2.3' ],
58 silly audit   debug: [ '4.4.3' ],
58 silly audit   'deep-is': [ '0.1.4' ],
58 silly audit   'detect-libc': [ '2.1.2' ],
58 silly audit   'electron-to-chromium': [ '1.5.340' ],
58 silly audit   escalade: [ '3.2.0' ],
58 silly audit   'escape-string-regexp': [ '4.0.0' ],
58 silly audit   eslint: [ '9.39.4' ],
58 silly audit   'eslint-plugin-react-hooks': [ '7.1.0' ],
58 silly audit   'eslint-plugin-react-refresh': [ '0.5.2' ],
58 silly audit   'eslint-scope': [ '8.4.0' ],
58 silly audit   espree: [ '10.4.0' ],
58 silly audit   esquery: [ '1.7.0' ],
58 silly audit   esrecurse: [ '4.3.0' ],
58 silly audit   estraverse: [ '5.3.0' ],
58 silly audit   esutils: [ '2.0.3' ],
58 silly audit   'fast-deep-equal': [ '3.1.3' ],
58 silly audit   'fast-json-stable-stringify': [ '2.1.0' ],
58 silly audit   'fast-levenshtein': [ '2.0.6' ],
58 silly audit   fdir: [ '6.5.0' ],
58 silly audit   'file-entry-cache': [ '8.0.0' ],
58 silly audit   'find-up': [ '5.0.0' ],
58 silly audit   'flat-cache': [ '4.0.1' ],
58 silly audit   flatted: [ '3.4.2' ],
58 silly audit   'fraction.js': [ '5.3.4' ],
58 silly audit   fsevents: [ '2.3.3' ],
58 silly audit   gensync: [ '1.0.0-beta.2' ],
58 silly audit   'glob-parent': [ '6.0.2' ],
58 silly audit   'has-flag': [ '4.0.0' ],
58 silly audit   'hermes-estree': [ '0.25.1' ],
58 silly audit   'hermes-parser': [ '0.25.1' ],
58 silly audit   ignore: [ '5.3.2' ],
58 silly audit   'import-fresh': [ '3.3.1' ],
58 silly audit   imurmurhash: [ '0.1.4' ],
58 silly audit   'is-extglob': [ '2.1.1' ],
58 silly audit   'is-glob': [ '4.0.3' ],
58 silly audit   isexe: [ '2.0.0' ],
58 silly audit   'js-tokens': [ '4.0.0' ],
58 silly audit   'js-yaml': [ '4.1.1' ],
58 silly audit   jsesc: [ '3.1.0' ],
58 silly audit   'json-buffer': [ '3.0.1' ],
58 silly audit   'json-schema-traverse': [ '0.4.1' ],
58 silly audit   'json-stable-stringify-without-jsonify': [ '1.0.1' ],
58 silly audit   json5: [ '2.2.3' ],
58 silly audit   keyv: [ '4.5.4' ],
58 silly audit   levn: [ '0.4.1' ],
58 silly audit   lightningcss: [ '1.32.0' ],
58 silly audit   'lightningcss-android-arm64': [ '1.32.0' ],
58 silly audit   'lightningcss-darwin-arm64': [ '1.32.0' ],
58 silly audit   'lightningcss-darwin-x64': [ '1.32.0' ],
58 silly audit   'lightningcss-freebsd-x64': [ '1.32.0' ],
58 silly audit   'lightningcss-linux-arm-gnueabihf': [ '1.32.0' ],
58 silly audit   'lightningcss-linux-arm64-gnu': [ '1.32.0' ],
58 silly audit   'lightningcss-linux-arm64-musl': [ '1.32.0' ],
58 silly audit   'lightningcss-linux-x64-gnu': [ '1.32.0' ],
58 silly audit   'lightningcss-linux-x64-musl': [ '1.32.0' ],
58 silly audit   'lightningcss-win32-arm64-msvc': [ '1.32.0' ],
58 silly audit   'lightningcss-win32-x64-msvc': [ '1.32.0' ],
58 silly audit   'locate-path': [ '6.0.0' ],
58 silly audit   'lodash.merge': [ '4.6.2' ],
58 silly audit   'lru-cache': [ '5.1.1' ],
58 silly audit   minimatch: [ '3.1.5' ],
58 silly audit   ms: [ '2.1.3' ],
58 silly audit   nanoid: [ '3.3.11' ],
58 silly audit   'natural-compare': [ '1.4.0' ],
58 silly audit   'node-releases': [ '2.0.37' ],
58 silly audit   optionator: [ '0.9.4' ],
58 silly audit   'p-limit': [ '3.1.0' ],
58 silly audit   'p-locate': [ '5.0.0' ],
58 silly audit   'parent-module': [ '1.0.1' ],
58 silly audit   'path-exists': [ '4.0.0' ],
58 silly audit   'path-key': [ '3.1.1' ],
58 silly audit   picocolors: [ '1.1.1' ],
58 silly audit   picomatch: [ '4.0.4' ],
58 silly audit   postcss: [ '8.5.10' ],
58 silly audit   'postcss-value-parser': [ '4.2.0' ],
58 silly audit   'prelude-ls': [ '1.2.1' ],
58 silly audit   punycode: [ '2.3.1' ],
58 silly audit   react: [ '19.2.5' ],
58 silly audit   'react-dom': [ '19.2.5' ],
58 silly audit   'resolve-from': [ '4.0.0' ],
58 silly audit   rolldown: [ '1.0.0-rc.15' ],
58 silly audit   scheduler: [ '0.27.0' ],
58 silly audit   semver: [ '6.3.1' ],
58 silly audit   'shebang-command': [ '2.0.0' ],
58 silly audit   'shebang-regex': [ '3.0.0' ],
58 silly audit   'source-map-js': [ '1.2.1' ],
58 silly audit   'strip-json-comments': [ '3.1.1' ],
58 silly audit   'supports-color': [ '7.2.0' ],
58 silly audit   tailwindcss: [ '4.2.2' ],
58 silly audit   tinyglobby: [ '0.2.16' ],
58 silly audit   tslib: [ '2.8.1' ],
58 silly audit   'type-check': [ '0.4.0' ],
58 silly audit   'update-browserslist-db': [ '1.2.3' ],
58 silly audit   'uri-js': [ '4.4.1' ],
58 silly audit   vite: [ '8.0.8' ],
58 silly audit   which: [ '2.0.2' ],
58 silly audit   'word-wrap': [ '1.2.5' ],
58 silly audit   yallist: [ '3.1.1' ],
58 silly audit   'yocto-queue': [ '0.1.0' ],
58 silly audit   zod: [ '4.3.6' ],
58 silly audit   'zod-validation-error': [ '4.0.2' ],
58 silly audit   clsx: [ '2.1.1' ],
58 silly audit   'framer-motion': [ '12.38.0' ],
58 silly audit   'lucide-react': [ '1.8.0' ],
58 silly audit   'tailwind-merge': [ '3.5.0' ],
58 silly audit   'motion-dom': [ '12.38.0' ],
58 silly audit   'motion-utils': [ '12.36.0' ]
58 silly audit }
59 verbose reify failed optional dependency /Users/rupamkumarsarangi/Desktop/ Vispera/node_modules/lightningcss-win32-x64-msvc
60 silly reify mark deleted [
60 silly reify   '/Users/rupamkumarsarangi/Desktop/ Vispera/node_modules/lightningcss-win32-x64-msvc'
60 silly reify ]
61 verbose reify failed optional dependency /Users/rupamkumarsarangi/Desktop/ Vispera/node_modules/lightningcss-win32-arm64-msvc
62 silly reify mark deleted [
62 silly reify   '/Users/rupamkumarsarangi/Desktop/ Vispera/node_modules/lightningcss-win32-arm64-msvc'
62 silly reify ]
63 verbose reify failed optional dependency /Users/rupamkumarsarangi/Desktop/ Vispera/node_modules/lightningcss-linux-x64-musl
64 silly reify mark deleted [
64 silly reify   '/Users/rupamkumarsarangi/Desktop/ Vispera/node_modules/lightningcss-linux-x64-musl'
64 silly reify ]
65 verbose reify failed optional dependency /Users/rupamkumarsarangi/Desktop/ Vispera/node_modules/lightningcss-linux-x64-gnu
66 silly reify mark deleted [
66 silly reify   '/Users/rupamkumarsarangi/Desktop/ Vispera/node_modules/lightningcss-linux-x64-gnu'
66 silly reify ]
67 verbose reify failed optional dependency /Users/rupamkumarsarangi/Desktop/ Vispera/node_modules/lightningcss-linux-arm64-musl
68 silly reify mark deleted [
68 silly reify   '/Users/rupamkumarsarangi/Desktop/ Vispera/node_modules/lightningcss-linux-arm64-musl'
68 silly reify ]
69 verbose reify failed optional dependency /Users/rupamkumarsarangi/Desktop/ Vispera/node_modules/lightningcss-linux-arm64-gnu
70 silly reify mark deleted [
70 silly reify   '/Users/rupamkumarsarangi/Desktop/ Vispera/node_modules/lightningcss-linux-arm64-gnu'
70 silly reify ]
71 verbose reify failed optional dependency /Users/rupamkumarsarangi/Desktop/ Vispera/node_modules/lightningcss-linux-arm-gnueabihf
72 silly reify mark deleted [
72 silly reify   '/Users/rupamkumarsarangi/Desktop/ Vispera/node_modules/lightningcss-linux-arm-gnueabihf'
72 silly reify ]
73 verbose reify failed optional dependency /Users/rupamkumarsarangi/Desktop/ Vispera/node_modules/lightningcss-freebsd-x64
74 silly reify mark deleted [
74 silly reify   '/Users/rupamkumarsarangi/Desktop/ Vispera/node_modules/lightningcss-freebsd-x64'
74 silly reify ]
75 verbose reify failed optional dependency /Users/rupamkumarsarangi/Desktop/ Vispera/node_modules/lightningcss-darwin-x64
76 silly reify mark deleted [
76 silly reify   '/Users/rupamkumarsarangi/Desktop/ Vispera/node_modules/lightningcss-darwin-x64'
76 silly reify ]
77 verbose reify failed optional dependency /Users/rupamkumarsarangi/Desktop/ Vispera/node_modules/lightningcss-android-arm64
78 silly reify mark deleted [
78 silly reify   '/Users/rupamkumarsarangi/Desktop/ Vispera/node_modules/lightningcss-android-arm64'
78 silly reify ]
79 verbose reify failed optional dependency /Users/rupamkumarsarangi/Desktop/ Vispera/node_modules/@rolldown/binding-win32-x64-msvc
80 silly reify mark deleted [
80 silly reify   '/Users/rupamkumarsarangi/Desktop/ Vispera/node_modules/@rolldown/binding-win32-x64-msvc'
80 silly reify ]
81 verbose reify failed optional dependency /Users/rupamkumarsarangi/Desktop/ Vispera/node_modules/@rolldown/binding-win32-arm64-msvc
82 silly reify mark deleted [
82 silly reify   '/Users/rupamkumarsarangi/Desktop/ Vispera/node_modules/@rolldown/binding-win32-arm64-msvc'
82 silly reify ]
83 verbose reify failed optional dependency /Users/rupamkumarsarangi/Desktop/ Vispera/node_modules/@rolldown/binding-wasm32-wasi
84 silly reify mark deleted [
84 silly reify   '/Users/rupamkumarsarangi/Desktop/ Vispera/node_modules/@rolldown/binding-wasm32-wasi'
84 silly reify ]
85 verbose reify failed optional dependency /Users/rupamkumarsarangi/Desktop/ Vispera/node_modules/@emnapi/core
86 silly reify mark deleted [
86 silly reify   '/Users/rupamkumarsarangi/Desktop/ Vispera/node_modules/@emnapi/core'
86 silly reify ]
87 verbose reify failed optional dependency /Users/rupamkumarsarangi/Desktop/ Vispera/node_modules/@emnapi/runtime
88 silly reify mark deleted [
88 silly reify   '/Users/rupamkumarsarangi/Desktop/ Vispera/node_modules/@emnapi/runtime'
88 silly reify ]
89 verbose reify failed optional dependency /Users/rupamkumarsarangi/Desktop/ Vispera/node_modules/@napi-rs/wasm-runtime
90 silly reify mark deleted [
90 silly reify   '/Users/rupamkumarsarangi/Desktop/ Vispera/node_modules/@napi-rs/wasm-runtime'
90 silly reify ]
91 verbose reify failed optional dependency /Users/rupamkumarsarangi/Desktop/ Vispera/node_modules/@emnapi/wasi-threads
92 silly reify mark deleted [
92 silly reify   '/Users/rupamkumarsarangi/Desktop/ Vispera/node_modules/@emnapi/wasi-threads'
92 silly reify ]
93 verbose reify failed optional dependency /Users/rupamkumarsarangi/Desktop/ Vispera/node_modules/@tybys/wasm-util
94 silly reify mark deleted [
94 silly reify   '/Users/rupamkumarsarangi/Desktop/ Vispera/node_modules/@tybys/wasm-util'
94 silly reify ]
95 verbose reify failed optional dependency /Users/rupamkumarsarangi/Desktop/ Vispera/node_modules/@rolldown/binding-openharmony-arm64
96 silly reify mark deleted [
96 silly reify   '/Users/rupamkumarsarangi/Desktop/ Vispera/node_modules/@rolldown/binding-openharmony-arm64'
96 silly reify ]
97 verbose reify failed optional dependency /Users/rupamkumarsarangi/Desktop/ Vispera/node_modules/@rolldown/binding-linux-x64-musl
98 silly reify mark deleted [
98 silly reify   '/Users/rupamkumarsarangi/Desktop/ Vispera/node_modules/@rolldown/binding-linux-x64-musl'
98 silly reify ]
99 verbose reify failed optional dependency /Users/rupamkumarsarangi/Desktop/ Vispera/node_modules/@rolldown/binding-linux-x64-gnu
100 silly reify mark deleted [
100 silly reify   '/Users/rupamkumarsarangi/Desktop/ Vispera/node_modules/@rolldown/binding-linux-x64-gnu'
100 silly reify ]
101 verbose reify failed optional dependency /Users/rupamkumarsarangi/Desktop/ Vispera/node_modules/@rolldown/binding-linux-s390x-gnu
102 silly reify mark deleted [
102 silly reify   '/Users/rupamkumarsarangi/Desktop/ Vispera/node_modules/@rolldown/binding-linux-s390x-gnu'
102 silly reify ]
103 verbose reify failed optional dependency /Users/rupamkumarsarangi/Desktop/ Vispera/node_modules/@rolldown/binding-linux-ppc64-gnu
104 silly reify mark deleted [
104 silly reify   '/Users/rupamkumarsarangi/Desktop/ Vispera/node_modules/@rolldown/binding-linux-ppc64-gnu'
104 silly reify ]
105 verbose reify failed optional dependency /Users/rupamkumarsarangi/Desktop/ Vispera/node_modules/@rolldown/binding-linux-arm64-musl
106 silly reify mark deleted [
106 silly reify   '/Users/rupamkumarsarangi/Desktop/ Vispera/node_modules/@rolldown/binding-linux-arm64-musl'
106 silly reify ]
107 verbose reify failed optional dependency /Users/rupamkumarsarangi/Desktop/ Vispera/node_modules/@rolldown/binding-linux-arm64-gnu
108 silly reify mark deleted [
108 silly reify   '/Users/rupamkumarsarangi/Desktop/ Vispera/node_modules/@rolldown/binding-linux-arm64-gnu'
108 silly reify ]
109 verbose reify failed optional dependency /Users/rupamkumarsarangi/Desktop/ Vispera/node_modules/@rolldown/binding-linux-arm-gnueabihf
110 silly reify mark deleted [
110 silly reify   '/Users/rupamkumarsarangi/Desktop/ Vispera/node_modules/@rolldown/binding-linux-arm-gnueabihf'
110 silly reify ]
111 verbose reify failed optional dependency /Users/rupamkumarsarangi/Desktop/ Vispera/node_modules/@rolldown/binding-freebsd-x64
112 silly reify mark deleted [
112 silly reify   '/Users/rupamkumarsarangi/Desktop/ Vispera/node_modules/@rolldown/binding-freebsd-x64'
112 silly reify ]
113 verbose reify failed optional dependency /Users/rupamkumarsarangi/Desktop/ Vispera/node_modules/@rolldown/binding-darwin-x64
114 silly reify mark deleted [
114 silly reify   '/Users/rupamkumarsarangi/Desktop/ Vispera/node_modules/@rolldown/binding-darwin-x64'
114 silly reify ]
115 verbose reify failed optional dependency /Users/rupamkumarsarangi/Desktop/ Vispera/node_modules/@rolldown/binding-android-arm64
116 silly reify mark deleted [
116 silly reify   '/Users/rupamkumarsarangi/Desktop/ Vispera/node_modules/@rolldown/binding-android-arm64'
116 silly reify ]
117 http cache motion-utils@https://registry.npmjs.org/motion-utils/-/motion-utils-12.36.0.tgz 0ms (cache hit)
118 http cache lucide-react@https://registry.npmjs.org/lucide-react/-/lucide-react-1.8.0.tgz 0ms (cache hit)
119 http cache clsx@https://registry.npmjs.org/clsx/-/clsx-2.1.1.tgz 0ms (cache hit)
120 http cache tslib@https://registry.npmjs.org/tslib/-/tslib-2.8.1.tgz 0ms (cache hit)
121 http cache motion-dom@https://registry.npmjs.org/motion-dom/-/motion-dom-12.38.0.tgz 0ms (cache hit)
122 http cache fsevents@https://registry.npmjs.org/fsevents/-/fsevents-2.3.3.tgz 0ms (cache hit)
123 http cache framer-motion@https://registry.npmjs.org/framer-motion/-/framer-motion-12.38.0.tgz 0ms (cache hit)
124 http cache tailwind-merge@https://registry.npmjs.org/tailwind-merge/-/tailwind-merge-3.5.0.tgz 0ms (cache hit)
125 http cache @tybys/wasm-util@https://registry.npmjs.org/@tybys/wasm-util/-/wasm-util-0.10.1.tgz 0ms (cache hit)
126 http cache @napi-rs/wasm-runtime@https://registry.npmjs.org/@napi-rs/wasm-runtime/-/wasm-runtime-1.1.4.tgz 0ms (cache hit)
127 http cache @emnapi/core@https://registry.npmjs.org/@emnapi/core/-/core-1.9.2.tgz 0ms (cache hit)
128 http cache @emnapi/wasi-threads@https://registry.npmjs.org/@emnapi/wasi-threads/-/wasi-threads-1.2.1.tgz 0ms (cache hit)
129 http cache @emnapi/runtime@https://registry.npmjs.org/@emnapi/runtime/-/runtime-1.9.2.tgz 0ms (cache hit)
130 silly tarball no local data for motion-utils@https://registry.npmjs.org/motion-utils/-/motion-utils-12.36.0.tgz. Extracting by manifest.
131 silly tarball no local data for lucide-react@https://registry.npmjs.org/lucide-react/-/lucide-react-1.8.0.tgz. Extracting by manifest.
132 silly tarball no local data for clsx@https://registry.npmjs.org/clsx/-/clsx-2.1.1.tgz. Extracting by manifest.
133 silly tarball no local data for motion-dom@https://registry.npmjs.org/motion-dom/-/motion-dom-12.38.0.tgz. Extracting by manifest.
134 silly tarball no local data for framer-motion@https://registry.npmjs.org/framer-motion/-/framer-motion-12.38.0.tgz. Extracting by manifest.
135 silly tarball no local data for tailwind-merge@https://registry.npmjs.org/tailwind-merge/-/tailwind-merge-3.5.0.tgz. Extracting by manifest.
136 http fetch GET 200 https://registry.npmjs.org/motion-utils/-/motion-utils-12.36.0.tgz 207ms (cache miss)
137 http fetch GET 200 https://registry.npmjs.org/clsx/-/clsx-2.1.1.tgz 212ms (cache miss)
138 http fetch POST 200 https://registry.npmjs.org/-/npm/v1/security/advisories/bulk 342ms
139 silly audit report {}
140 http fetch GET 200 https://registry.npmjs.org/tailwind-merge/-/tailwind-merge-3.5.0.tgz 445ms (cache miss)
141 http fetch GET 200 https://registry.npmjs.org/motion-dom/-/motion-dom-12.38.0.tgz 710ms (cache miss)
142 http fetch GET 200 https://registry.npmjs.org/framer-motion/-/framer-motion-12.38.0.tgz 923ms (cache miss)
143 http fetch GET 200 https://registry.npmjs.org/lucide-react/-/lucide-react-1.8.0.tgz 1505ms (cache miss)
144 silly ADD node_modules/motion-utils
145 silly ADD node_modules/motion-dom
146 silly ADD node_modules/tailwind-merge
147 silly ADD node_modules/lucide-react
148 silly ADD node_modules/framer-motion
149 silly ADD node_modules/clsx
150 silly ADD node_modules/tslib
151 silly ADD
152 silly ADD
153 silly ADD
154 silly ADD
155 silly ADD
156 silly ADD
157 silly ADD
158 silly ADD
159 silly ADD
160 silly ADD
161 silly ADD node_modules/fsevents
162 silly ADD
163 silly ADD
164 silly ADD
165 silly ADD
166 silly ADD
167 silly ADD
168 silly ADD
169 silly ADD
170 silly ADD
171 silly ADD
172 silly ADD
173 silly ADD
174 silly ADD
175 silly ADD
176 silly ADD
177 silly ADD
178 silly ADD
179 silly ADD
180 silly ADD
181 verbose cwd /Users/rupamkumarsarangi/Desktop/ Vispera
182 verbose os Darwin 25.3.0
183 verbose node v22.15.0
184 verbose npm  v10.9.2
185 verbose exit 0
186 info ok
