0 verbose cli /usr/local/bin/node /usr/local/lib/node_modules/npm/bin/npm-cli.js
1 info using npm@10.9.2
2 info using node@v22.15.0
3 silly config load:file:/usr/local/lib/node_modules/npm/npmrc
4 silly config load:file:/Users/rupamkumarsarangi/Desktop/ Vispera/.npmrc
5 silly config load:file:/Users/rupamkumarsarangi/.npmrc
6 verbose config error loading user config Error: EPERM: operation not permitted, open '/Users/rupamkumarsarangi/.npmrc'
6 verbose config     at async open (node:internal/fs/promises:633:25)
6 verbose config     at async readFile (node:internal/fs/promises:1237:14)
6 verbose config     at async #loadFile (/usr/local/lib/node_modules/npm/node_modules/@npmcli/config/lib/index.js:589:5)
6 verbose config     at async Config.load (/usr/local/lib/node_modules/npm/node_modules/@npmcli/config/lib/index.js:250:5)
6 verbose config     at async #load (/usr/local/lib/node_modules/npm/lib/npm.js:98:5)
6 verbose config     at async Npm.load (/usr/local/lib/node_modules/npm/lib/npm.js:80:14)
6 verbose config     at async module.exports (/usr/local/lib/node_modules/npm/lib/cli/entry.js:42:37) {
6 verbose config   errno: -1,
6 verbose config   code: 'EPERM',
6 verbose config   syscall: 'open',
6 verbose config   path: '/Users/rupamkumarsarangi/.npmrc'
6 verbose config }
7 silly config load:file:/usr/local/etc/npmrc
8 verbose title npm exec tailwindcss init -p
9 verbose argv "exec" "--" "tailwindcss" "init" "-p"
10 verbose logfile logs-max:10 dir:/Users/rupamkumarsarangi/Desktop/ Vispera/.npm-cache/_logs/2026-04-17T11_43_36_425Z-
11 verbose logfile /Users/rupamkumarsarangi/Desktop/ Vispera/.npm-cache/_logs/2026-04-17T11_43_36_425Z-debug-0.log
12 silly logfile done cleaning log files
13 silly packumentCache heap:2197815296 maxSize:549453824 maxEntrySize:274726912
14 verbose stack Error: could not determine executable to run
14 verbose stack     at getBinFromManifest (/usr/local/lib/node_modules/npm/node_modules/libnpmexec/lib/get-bin-from-manifest.js:17:23)
14 verbose stack     at exec (/usr/local/lib/node_modules/npm/node_modules/libnpmexec/lib/index.js:202:15)
14 verbose stack     at async Npm.exec (/usr/local/lib/node_modules/npm/lib/npm.js:207:9)
14 verbose stack     at async module.exports (/usr/local/lib/node_modules/npm/lib/cli/entry.js:74:5)
15 verbose pkgid tailwindcss@4.2.2
16 error could not determine executable to run
17 verbose cwd /Users/rupamkumarsarangi/Desktop/ Vispera
18 verbose os Darwin 25.3.0
19 verbose node v22.15.0
20 verbose npm  v10.9.2
21 verbose exit 1
22 verbose code 1
23 error A complete log of this run can be found in: /Users/rupamkumarsarangi/Desktop/ Vispera/.npm-cache/_logs/2026-04-17T11_43_36_425Z-debug-0.log
